# JRE version: Java(TM) SE Runtime Environment (8.0_05-b13) (build 1.8.0_05-b13)
# Java VM: Java HotSpot(TM) 64-Bit Server VM (25.5-b02 mixed mode windows-amd64 compressed oops)
Heap:
 par new generation   total 157248K, used 103288K [0x00000000e0000000, 0x00000000eaaa0000, 0x00000000eaaa0000)
  eden space 139776K,  70% used [0x00000000e0000000, 0x00000000e5fdaf18, 0x00000000e8880000)
  from space 17472K,  29% used [0x00000000e8880000, 0x00000000e8d83480, 0x00000000e9990000)
  to   space 17472K,   0% used [0x00000000e9990000, 0x00000000e9990000, 0x00000000eaaa0000)
 concurrent mark-sweep generation total 349568K, used 260247K [0x00000000eaaa0000, 0x0000000100000000, 0x0000000100000000)
 Metaspace       used 49532K, capacity 50325K, committed 50816K, reserved 1093632K
  class space    used 6941K, capacity 7189K, committed 7296K, reserved 1048576K
GC Heap History (10 events):
Event: 11561.987 GC heap before
{Heap before GC invocations=13111 (full 75):
 par new generation   total 157248K, used 143018K [0x00000000e0000000, 0x00000000eaaa0000, 0x00000000eaaa0000)
  eden space 139776K,  98% used [0x00000000e0000000, 0x00000000e86f3480, 0x00000000e8880000)
  from space 17472K,  27% used [0x00000000e9990000, 0x00000000e9e47568, 0x00000000eaaa0000)
  to   space 17472K,   0% used [0x00000000e8880000, 0x00000000e8880000, 0x00000000e9990000)
 concurrent mark-sweep generation total 349568K, used 260139K [0x00000000eaaa0000, 0x0000000100000000, 0x0000000100000000)
 Metaspace       used 49526K, capacity 50325K, committed 50816K, reserved 1093632K
  class space    used 6941K, capacity 7189K, committed 7296K, reserved 1048576K
Event: 11561.989 GC heap after
Heap after GC invocations=13112 (full 75):
 par new generation   total 157248K, used 8976K [0x00000000e0000000, 0x00000000eaaa0000, 0x00000000eaaa0000)
  eden space 139776K,   0% used [0x00000000e0000000, 0x00000000e0000000, 0x00000000e8880000)
  from space 17472K,  51% used [0x00000000e8880000, 0x00000000e9144308, 0x00000000e9990000)
  to   space 17472K,   0% used [0x00000000e9990000, 0x00000000e9990000, 0x00000000eaaa0000)
 concurrent mark-sweep generation total 349568K, used 260141K [0x00000000eaaa0000, 0x0000000100000000, 0x0000000100000000)
 Metaspace       used 49526K, capacity 50325K, committed 50816K, reserved 1093632K
  class space    used 6941K, capacity 7189K, committed 7296K, reserved 1048576K
}
Event: 11563.485 GC heap before
{Heap before GC invocations=13112 (full 75):
 par new generation   total 157248K, used 146651K [0x00000000e0000000, 0x00000000eaaa0000, 0x00000000eaaa0000)
  eden space 139776K,  98% used [0x00000000e0000000, 0x00000000e8672b80, 0x00000000e8880000)
  from space 17472K,  51% used [0x00000000e8880000, 0x00000000e9144308, 0x00000000e9990000)
  to   space 17472K,   0% used [0x00000000e9990000, 0x00000000e9990000, 0x00000000eaaa0000)
 concurrent mark-sweep generation total 349568K, used 260141K [0x00000000eaaa0000, 0x0000000100000000, 0x0000000100000000)
 Metaspace       used 49527K, capacity 50325K, committed 50816K, reserved 1093632K
  class space    used 6941K, capacity 7189K, committed 7296K, reserved 1048576K
Event: 11563.488 GC heap after
Heap after GC invocations=13113 (full 75):
 par new generation   total 157248K, used 8685K [0x00000000e0000000, 0x00000000eaaa0000, 0x00000000eaaa0000)
  eden space 139776K,   0% used [0x00000000e0000000, 0x00000000e0000000, 0x00000000e8880000)
  from space 17472K,  49% used [0x00000000e9990000, 0x00000000ea20b720, 0x00000000eaaa0000)
  to   space 17472K,   0% used [0x00000000e8880000, 0x00000000e8880000, 0x00000000e9990000)
 concurrent mark-sweep generation total 349568K, used 260145K [0x00000000eaaa0000, 0x0000000100000000, 0x0000000100000000)
 Metaspace       used 49527K, capacity 50325K, committed 50816K, reserved 1093632K
  class space    used 6941K, capacity 7189K, committed 7296K, reserved 1048576K
}
Event: 11564.982 GC heap before
{Heap before GC invocations=13113 (full 75):
 par new generation   total 157248K, used 145555K [0x00000000e0000000, 0x00000000eaaa0000, 0x00000000eaaa0000)
  eden space 139776K,  97% used [0x00000000e0000000, 0x00000000e85a96d0, 0x00000000e8880000)
  from space 17472K,  49% used [0x00000000e9990000, 0x00000000ea20b720, 0x00000000eaaa0000)
  to   space 17472K,   0% used [0x00000000e8880000, 0x00000000e8880000, 0x00000000e9990000)
 concurrent mark-sweep generation total 349568K, used 260145K [0x00000000eaaa0000, 0x0000000100000000, 0x0000000100000000)
 Metaspace       used 49527K, capacity 50325K, committed 50816K, reserved 1093632K
  class space    used 6941K, capacity 7189K, committed 7296K, reserved 1048576K
Event: 11564.985 GC heap after
Heap after GC invocations=13114 (full 75):
 par new generation   total 157248K, used 9135K [0x00000000e0000000, 0x00000000eaaa0000, 0x00000000eaaa0000)
  eden space 139776K,   0% used [0x00000000e0000000, 0x00000000e0000000, 0x00000000e8880000)
  from space 17472K,  52% used [0x00000000e8880000, 0x00000000e916bc70, 0x00000000e9990000)
  to   space 17472K,   0% used [0x00000000e9990000, 0x00000000e9990000, 0x00000000eaaa0000)
 concurrent mark-sweep generation total 349568K, used 260148K [0x00000000eaaa0000, 0x0000000100000000, 0x0000000100000000)
 Metaspace       used 49527K, capacity 50325K, committed 50816K, reserved 1093632K
  class space    used 6941K, capacity 7189K, committed 7296K, reserved 1048576K
}
Event: 11566.480 GC heap before
{Heap before GC invocations=13114 (full 75):
 par new generation   total 157248K, used 147333K [0x00000000e0000000, 0x00000000eaaa0000, 0x00000000eaaa0000)
  eden space 139776K,  98% used [0x00000000e0000000, 0x00000000e86f5a08, 0x00000000e8880000)
  from space 17472K,  52% used [0x00000000e8880000, 0x00000000e916bc70, 0x00000000e9990000)
  to   space 17472K,   0% used [0x00000000e9990000, 0x00000000e9990000, 0x00000000eaaa0000)
 concurrent mark-sweep generation total 349568K, used 260148K [0x00000000eaaa0000, 0x0000000100000000, 0x0000000100000000)
 Metaspace       used 49528K, capacity 50325K, committed 50816K, reserved 1093632K
  class space    used 6941K, capacity 7189K, committed 7296K, reserved 1048576K
Event: 11566.483 GC heap after
Heap after GC invocations=13115 (full 75):
 par new generation   total 157248K, used 8738K [0x00000000e0000000, 0x00000000eaaa0000, 0x00000000eaaa0000)
  eden space 139776K,   0% used [0x00000000e0000000, 0x00000000e0000000, 0x00000000e8880000)
  from space 17472K,  50% used [0x00000000e9990000, 0x00000000ea2189d0, 0x00000000eaaa0000)
  to   space 17472K,   0% used [0x00000000e8880000, 0x00000000e8880000, 0x00000000e9990000)
 concurrent mark-sweep generation total 349568K, used 260203K [0x00000000eaaa0000, 0x0000000100000000, 0x0000000100000000)
 Metaspace       used 49528K, capacity 50325K, committed 50816K, reserved 1093632K
  class space    used 6941K, capacity 7189K, committed 7296K, reserved 1048576K
}
Event: 11567.997 GC heap before
{Heap before GC invocations=13115 (full 75):
 par new generation   total 157248K, used 145344K [0x00000000e0000000, 0x00000000eaaa0000, 0x00000000eaaa0000)
  eden space 139776K,  97% used [0x00000000e0000000, 0x00000000e8567888, 0x00000000e8880000)
  from space 17472K,  50% used [0x00000000e9990000, 0x00000000ea2189d0, 0x00000000eaaa0000)
  to   space 17472K,   0% used [0x00000000e8880000, 0x00000000e8880000, 0x00000000e9990000)
 concurrent mark-sweep generation total 349568K, used 260203K [0x00000000eaaa0000, 0x0000000100000000, 0x0000000100000000)
 Metaspace       used 49528K, capacity 50325K, committed 50816K, reserved 1093632K
  class space    used 6941K, capacity 7189K, committed 7296K, reserved 1048576K
Event: 11567.999 GC heap after
Heap after GC invocations=13116 (full 75):
 par new generation   total 157248K, used 5133K [0x00000000e0000000, 0x00000000eaaa0000, 0x00000000eaaa0000)
  eden space 139776K,   0% used [0x00000000e0000000, 0x00000000e0000000, 0x00000000e8880000)
  from space 17472K,  29% used [0x00000000e8880000, 0x00000000e8d83480, 0x00000000e9990000)
  to   space 17472K,   0% used [0x00000000e9990000, 0x00000000e9990000, 0x00000000eaaa0000)
 concurrent mark-sweep generation total 349568K, used 260247K [0x00000000eaaa0000, 0x0000000100000000, 0x0000000100000000)
 Metaspace       used 49528K, capacity 50325K, committed 50816K, reserved 1093632K
  class space    used 6941K, capacity 7189K, committed 7296K, reserved 1048576K
}

