# JRE version: Java(TM) SE Runtime Environment (8.0_05-b13) (build 1.8.0_05-b13)
# Java VM: Java HotSpot(TM) 64-Bit Server VM (25.5-b02 mixed mode windows-amd64 compressed oops)
Heap:
 par new generation   total 154816K, used 74806K [0x0000000080000000, 0x000000008a7f0000, 0x0000000094cc0000)
  eden space 137664K,  51% used [0x0000000080000000, 0x0000000084497570, 0x0000000088670000)
  from space 17152K,  26% used [0x0000000088670000, 0x0000000088ae6488, 0x0000000089730000)
  to   space 17152K,   0% used [0x0000000089730000, 0x0000000089730000, 0x000000008a7f0000)
 concurrent mark-sweep generation total 343716K, used 235398K [0x0000000094cc0000, 0x00000000a9c69000, 0x0000000100000000)
 Metaspace       used 39111K, capacity 39578K, committed 40064K, reserved 1085440K
  class space    used 3735K, capacity 3858K, committed 3968K, reserved 1048576K
GC Heap History (10 events):
Event: 308.407 GC heap before
{Heap before GC invocations=288 (full 7):
 par new generation   total 154816K, used 138706K [0x0000000080000000, 0x000000008a7f0000, 0x0000000094cc0000)
  eden space 137664K,  97% used [0x0000000080000000, 0x000000008836ab40, 0x0000000088670000)
  from space 17152K,  24% used [0x0000000089730000, 0x0000000089b39d50, 0x000000008a7f0000)
  to   space 17152K,   0% used [0x0000000088670000, 0x0000000088670000, 0x0000000089730000)
 concurrent mark-sweep generation total 343716K, used 235179K [0x0000000094cc0000, 0x00000000a9c69000, 0x0000000100000000)
 Metaspace       used 39104K, capacity 39578K, committed 40064K, reserved 1085440K
  class space    used 3735K, capacity 3858K, committed 3968K, reserved 1048576K
Event: 308.410 GC heap after
Heap after GC invocations=289 (full 7):
 par new generation   total 154816K, used 4237K [0x0000000080000000, 0x000000008a7f0000, 0x0000000094cc0000)
  eden space 137664K,   0% used [0x0000000080000000, 0x0000000080000000, 0x0000000088670000)
  from space 17152K,  24% used [0x0000000088670000, 0x0000000088a93500, 0x0000000089730000)
  to   space 17152K,   0% used [0x0000000089730000, 0x0000000089730000, 0x000000008a7f0000)
 concurrent mark-sweep generation total 343716K, used 235179K [0x0000000094cc0000, 0x00000000a9c69000, 0x0000000100000000)
 Metaspace       used 39104K, capacity 39578K, committed 40064K, reserved 1085440K
  class space    used 3735K, capacity 3858K, committed 3968K, reserved 1048576K
}
Event: 309.781 GC heap before
{Heap before GC invocations=289 (full 7):
 par new generation   total 154816K, used 138417K [0x0000000080000000, 0x000000008a7f0000, 0x0000000094cc0000)
  eden space 137664K,  97% used [0x0000000080000000, 0x0000000088309208, 0x0000000088670000)
  from space 17152K,  24% used [0x0000000088670000, 0x0000000088a93500, 0x0000000089730000)
  to   space 17152K,   0% used [0x0000000089730000, 0x0000000089730000, 0x000000008a7f0000)
 concurrent mark-sweep generation total 343716K, used 235179K [0x0000000094cc0000, 0x00000000a9c69000, 0x0000000100000000)
 Metaspace       used 39104K, capacity 39578K, committed 40064K, reserved 1085440K
  class space    used 3735K, capacity 3858K, committed 3968K, reserved 1048576K
Event: 309.783 GC heap after
Heap after GC invocations=290 (full 7):
 par new generation   total 154816K, used 4272K [0x0000000080000000, 0x000000008a7f0000, 0x0000000094cc0000)
  eden space 137664K,   0% used [0x0000000080000000, 0x0000000080000000, 0x0000000088670000)
  from space 17152K,  24% used [0x0000000089730000, 0x0000000089b5c350, 0x000000008a7f0000)
  to   space 17152K,   0% used [0x0000000088670000, 0x0000000088670000, 0x0000000089730000)
 concurrent mark-sweep generation total 343716K, used 235179K [0x0000000094cc0000, 0x00000000a9c69000, 0x0000000100000000)
 Metaspace       used 39104K, capacity 39578K, committed 40064K, reserved 1085440K
  class space    used 3735K, capacity 3858K, committed 3968K, reserved 1048576K
}
Event: 311.145 GC heap before
{Heap before GC invocations=290 (full 7):
 par new generation   total 154816K, used 138382K [0x0000000080000000, 0x000000008a7f0000, 0x0000000094cc0000)
  eden space 137664K,  97% used [0x0000000080000000, 0x00000000882f7660, 0x0000000088670000)
  from space 17152K,  24% used [0x0000000089730000, 0x0000000089b5c350, 0x000000008a7f0000)
  to   space 17152K,   0% used [0x0000000088670000, 0x0000000088670000, 0x0000000089730000)
 concurrent mark-sweep generation total 343716K, used 235179K [0x0000000094cc0000, 0x00000000a9c69000, 0x0000000100000000)
 Metaspace       used 39106K, capacity 39578K, committed 40064K, reserved 1085440K
  class space    used 3735K, capacity 3858K, committed 3968K, reserved 1048576K
Event: 311.148 GC heap after
Heap after GC invocations=291 (full 7):
 par new generation   total 154816K, used 8037K [0x0000000080000000, 0x000000008a7f0000, 0x0000000094cc0000)
  eden space 137664K,   0% used [0x0000000080000000, 0x0000000080000000, 0x0000000088670000)
  from space 17152K,  46% used [0x0000000088670000, 0x0000000088e497f0, 0x0000000089730000)
  to   space 17152K,   0% used [0x0000000089730000, 0x0000000089730000, 0x000000008a7f0000)
 concurrent mark-sweep generation total 343716K, used 235179K [0x0000000094cc0000, 0x00000000a9c69000, 0x0000000100000000)
 Metaspace       used 39106K, capacity 39578K, committed 40064K, reserved 1085440K
  class space    used 3735K, capacity 3858K, committed 3968K, reserved 1048576K
}
Event: 312.519 GC heap before
{Heap before GC invocations=291 (full 7):
 par new generation   total 154816K, used 144045K [0x0000000080000000, 0x000000008a7f0000, 0x0000000094cc0000)
  eden space 137664K,  98% used [0x0000000080000000, 0x00000000884d1ee8, 0x0000000088670000)
  from space 17152K,  46% used [0x0000000088670000, 0x0000000088e497f0, 0x0000000089730000)
  to   space 17152K,   0% used [0x0000000089730000, 0x0000000089730000, 0x000000008a7f0000)
 concurrent mark-sweep generation total 343716K, used 235179K [0x0000000094cc0000, 0x00000000a9c69000, 0x0000000100000000)
 Metaspace       used 39106K, capacity 39578K, committed 40064K, reserved 1085440K
  class space    used 3735K, capacity 3858K, committed 3968K, reserved 1048576K
Event: 312.522 GC heap after
Heap after GC invocations=292 (full 7):
 par new generation   total 154816K, used 4842K [0x0000000080000000, 0x000000008a7f0000, 0x0000000094cc0000)
  eden space 137664K,   0% used [0x0000000080000000, 0x0000000080000000, 0x0000000088670000)
  from space 17152K,  28% used [0x0000000089730000, 0x0000000089bea8d0, 0x000000008a7f0000)
  to   space 17152K,   0% used [0x0000000088670000, 0x0000000088670000, 0x0000000089730000)
 concurrent mark-sweep generation total 343716K, used 235350K [0x0000000094cc0000, 0x00000000a9c69000, 0x0000000100000000)
 Metaspace       used 39106K, capacity 39578K, committed 40064K, reserved 1085440K
  class space    used 3735K, capacity 3858K, committed 3968K, reserved 1048576K
}
Event: 313.943 GC heap before
{Heap before GC invocations=292 (full 7):
 par new generation   total 154816K, used 141138K [0x0000000080000000, 0x000000008a7f0000, 0x0000000094cc0000)
  eden space 137664K,  99% used [0x0000000080000000, 0x0000000088519f90, 0x0000000088670000)
  from space 17152K,  28% used [0x0000000089730000, 0x0000000089bea8d0, 0x000000008a7f0000)
  to   space 17152K,   0% used [0x0000000088670000, 0x0000000088670000, 0x0000000089730000)
 concurrent mark-sweep generation total 343716K, used 235350K [0x0000000094cc0000, 0x00000000a9c69000, 0x0000000100000000)
 Metaspace       used 39111K, capacity 39578K, committed 40064K, reserved 1085440K
  class space    used 3735K, capacity 3858K, committed 3968K, reserved 1048576K
Event: 313.948 GC heap after
Heap after GC invocations=293 (full 7):
 par new generation   total 154816K, used 4569K [0x0000000080000000, 0x000000008a7f0000, 0x0000000094cc0000)
  eden space 137664K,   0% used [0x0000000080000000, 0x0000000080000000, 0x0000000088670000)
  from space 17152K,  26% used [0x0000000088670000, 0x0000000088ae6488, 0x0000000089730000)
  to   space 17152K,   0% used [0x0000000089730000, 0x0000000089730000, 0x000000008a7f0000)
 concurrent mark-sweep generation total 343716K, used 235398K [0x0000000094cc0000, 0x00000000a9c69000, 0x0000000100000000)
 Metaspace       used 39111K, capacity 39578K, committed 40064K, reserved 1085440K
  class space    used 3735K, capacity 3858K, committed 3968K, reserved 1048576K
}

