# JRE version: Java(TM) SE Runtime Environment (8.0_05-b13) (build 1.8.0_05-b13)
# Java VM: Java HotSpot(TM) 64-Bit Server VM (25.5-b02 mixed mode windows-amd64 compressed oops)
Heap:
 par new generation   total 203712K, used 99370K [0x0000000080000000, 0x000000008dd00000, 0x0000000094cc0000)
  eden space 181120K,  46% used [0x0000000080000000, 0x0000000085256468, 0x000000008b0e0000)
  from space 22592K,  66% used [0x000000008b0e0000, 0x000000008bf945e8, 0x000000008c6f0000)
  to   space 22592K,   0% used [0x000000008c6f0000, 0x000000008c6f0000, 0x000000008dd00000)
 concurrent mark-sweep generation total 452460K, used 232385K [0x0000000094cc0000, 0x00000000b069b000, 0x0000000100000000)
 Metaspace       used 41138K, capacity 41586K, committed 41984K, reserved 1087488K
  class space    used 3914K, capacity 4058K, committed 4096K, reserved 1048576K
GC Heap History (10 events):
Event: 7742.616 GC heap before
{Heap before GC invocations=5309 (full 18):
 par new generation   total 203712K, used 186644K [0x0000000080000000, 0x000000008dd00000, 0x0000000094cc0000)
  eden space 181120K,  98% used [0x0000000080000000, 0x000000008adae618, 0x000000008b0e0000)
  from space 22592K,  38% used [0x000000008c6f0000, 0x000000008cf86d48, 0x000000008dd00000)
  to   space 22592K,   0% used [0x000000008b0e0000, 0x000000008b0e0000, 0x000000008c6f0000)
 concurrent mark-sweep generation total 452460K, used 227715K [0x0000000094cc0000, 0x00000000b069b000, 0x0000000100000000)
 Metaspace       used 41137K, capacity 41586K, committed 41984K, reserved 1087488K
  class space    used 3914K, capacity 4058K, committed 4096K, reserved 1048576K
Event: 7742.619 GC heap after
Heap after GC invocations=5310 (full 18):
 par new generation   total 203712K, used 8971K [0x0000000080000000, 0x000000008dd00000, 0x0000000094cc0000)
  eden space 181120K,   0% used [0x0000000080000000, 0x0000000080000000, 0x000000008b0e0000)
  from space 22592K,  39% used [0x000000008b0e0000, 0x000000008b9a2ef8, 0x000000008c6f0000)
  to   space 22592K,   0% used [0x000000008c6f0000, 0x000000008c6f0000, 0x000000008dd00000)
 concurrent mark-sweep generation total 452460K, used 227715K [0x0000000094cc0000, 0x00000000b069b000, 0x0000000100000000)
 Metaspace       used 41137K, capacity 41586K, committed 41984K, reserved 1087488K
  class space    used 3914K, capacity 4058K, committed 4096K, reserved 1048576K
}
Event: 7744.463 GC heap before
{Heap before GC invocations=5310 (full 18):
 par new generation   total 203712K, used 186987K [0x0000000080000000, 0x000000008dd00000, 0x0000000094cc0000)
  eden space 181120K,  98% used [0x0000000080000000, 0x000000008add7f28, 0x000000008b0e0000)
  from space 22592K,  39% used [0x000000008b0e0000, 0x000000008b9a2ef8, 0x000000008c6f0000)
  to   space 22592K,   0% used [0x000000008c6f0000, 0x000000008c6f0000, 0x000000008dd00000)
 concurrent mark-sweep generation total 452460K, used 227715K [0x0000000094cc0000, 0x00000000b069b000, 0x0000000100000000)
 Metaspace       used 41138K, capacity 41586K, committed 41984K, reserved 1087488K
  class space    used 3914K, capacity 4058K, committed 4096K, reserved 1048576K
Event: 7744.466 GC heap after
Heap after GC invocations=5311 (full 18):
 par new generation   total 203712K, used 12778K [0x0000000080000000, 0x000000008dd00000, 0x0000000094cc0000)
  eden space 181120K,   0% used [0x0000000080000000, 0x0000000080000000, 0x000000008b0e0000)
  from space 22592K,  56% used [0x000000008c6f0000, 0x000000008d36a860, 0x000000008dd00000)
  to   space 22592K,   0% used [0x000000008b0e0000, 0x000000008b0e0000, 0x000000008c6f0000)
 concurrent mark-sweep generation total 452460K, used 227715K [0x0000000094cc0000, 0x00000000b069b000, 0x0000000100000000)
 Metaspace       used 41138K, capacity 41586K, committed 41984K, reserved 1087488K
  class space    used 3914K, capacity 4058K, committed 4096K, reserved 1048576K
}
Event: 7746.309 GC heap before
{Heap before GC invocations=5311 (full 18):
 par new generation   total 203712K, used 191700K [0x0000000080000000, 0x000000008dd00000, 0x0000000094cc0000)
  eden space 181120K,  98% used [0x0000000080000000, 0x000000008aeba860, 0x000000008b0e0000)
  from space 22592K,  56% used [0x000000008c6f0000, 0x000000008d36a860, 0x000000008dd00000)
  to   space 22592K,   0% used [0x000000008b0e0000, 0x000000008b0e0000, 0x000000008c6f0000)
 concurrent mark-sweep generation total 452460K, used 227715K [0x0000000094cc0000, 0x00000000b069b000, 0x0000000100000000)
 Metaspace       used 41138K, capacity 41586K, committed 41984K, reserved 1087488K
  class space    used 3914K, capacity 4058K, committed 4096K, reserved 1048576K
Event: 7746.313 GC heap after
Heap after GC invocations=5312 (full 18):
 par new generation   total 203712K, used 4606K [0x0000000080000000, 0x000000008dd00000, 0x0000000094cc0000)
  eden space 181120K,   0% used [0x0000000080000000, 0x0000000080000000, 0x000000008b0e0000)
  from space 22592K,  20% used [0x000000008b0e0000, 0x000000008b55fa50, 0x000000008c6f0000)
  to   space 22592K,   0% used [0x000000008c6f0000, 0x000000008c6f0000, 0x000000008dd00000)
 concurrent mark-sweep generation total 452460K, used 232385K [0x0000000094cc0000, 0x00000000b069b000, 0x0000000100000000)
 Metaspace       used 41138K, capacity 41586K, committed 41984K, reserved 1087488K
  class space    used 3914K, capacity 4058K, committed 4096K, reserved 1048576K
}
Event: 7748.206 GC heap before
{Heap before GC invocations=5312 (full 18):
 par new generation   total 203712K, used 185446K [0x0000000080000000, 0x000000008dd00000, 0x0000000094cc0000)
  eden space 181120K,  99% used [0x0000000080000000, 0x000000008b099e60, 0x000000008b0e0000)
  from space 22592K,  20% used [0x000000008b0e0000, 0x000000008b55fa50, 0x000000008c6f0000)
  to   space 22592K,   0% used [0x000000008c6f0000, 0x000000008c6f0000, 0x000000008dd00000)
 concurrent mark-sweep generation total 452460K, used 232385K [0x0000000094cc0000, 0x00000000b069b000, 0x0000000100000000)
 Metaspace       used 41138K, capacity 41586K, committed 41984K, reserved 1087488K
  class space    used 3914K, capacity 4058K, committed 4096K, reserved 1048576K
Event: 7748.335 GC heap after
Heap after GC invocations=5313 (full 18):
 par new generation   total 203712K, used 3838K [0x0000000080000000, 0x000000008dd00000, 0x0000000094cc0000)
  eden space 181120K,   0% used [0x0000000080000000, 0x0000000080000000, 0x000000008b0e0000)
  from space 22592K,  16% used [0x000000008c6f0000, 0x000000008caafb80, 0x000000008dd00000)
  to   space 22592K,   0% used [0x000000008b0e0000, 0x000000008b0e0000, 0x000000008c6f0000)
 concurrent mark-sweep generation total 452460K, used 232385K [0x0000000094cc0000, 0x00000000b069b000, 0x0000000100000000)
 Metaspace       used 41138K, capacity 41586K, committed 41984K, reserved 1087488K
  class space    used 3914K, capacity 4058K, committed 4096K, reserved 1048576K
}
Event: 7750.387 GC heap before
{Heap before GC invocations=5313 (full 18):
 par new generation   total 203712K, used 183877K [0x0000000080000000, 0x000000008dd00000, 0x0000000094cc0000)
  eden space 181120K,  99% used [0x0000000080000000, 0x000000008afd19a0, 0x000000008b0e0000)
  from space 22592K,  16% used [0x000000008c6f0000, 0x000000008caafb80, 0x000000008dd00000)
  to   space 22592K,   0% used [0x000000008b0e0000, 0x000000008b0e0000, 0x000000008c6f0000)
 concurrent mark-sweep generation total 452460K, used 232385K [0x0000000094cc0000, 0x00000000b069b000, 0x0000000100000000)
 Metaspace       used 41138K, capacity 41586K, committed 41984K, reserved 1087488K
  class space    used 3914K, capacity 4058K, committed 4096K, reserved 1048576K
Event: 7750.482 GC heap after
Heap after GC invocations=5314 (full 18):
 par new generation   total 203712K, used 15057K [0x0000000080000000, 0x000000008dd00000, 0x0000000094cc0000)
  eden space 181120K,   0% used [0x0000000080000000, 0x0000000080000000, 0x000000008b0e0000)
  from space 22592K,  66% used [0x000000008b0e0000, 0x000000008bf945e8, 0x000000008c6f0000)
  to   space 22592K,   0% used [0x000000008c6f0000, 0x000000008c6f0000, 0x000000008dd00000)
 concurrent mark-sweep generation total 452460K, used 232385K [0x0000000094cc0000, 0x00000000b069b000, 0x0000000100000000)
 Metaspace       used 41138K, capacity 41586K, committed 41984K, reserved 1087488K
  class space    used 3914K, capacity 4058K, committed 4096K, reserved 1048576K
}

