# JRE version: Java(TM) SE Runtime Environment (8.0_05-b13) (build 1.8.0_05-b13)
# Java VM: Java HotSpot(TM) 64-Bit Server VM (25.5-b02 mixed mode windows-amd64 compressed oops)
Heap:
 par new generation   total 68800K, used 9621K [0x0000000080000000, 0x0000000084aa0000, 0x0000000094cc0000)
  eden space 61184K,  15% used [0x0000000080000000, 0x00000000809657f8, 0x0000000083bc0000)
  from space 7616K,   0% used [0x0000000083bc0000, 0x0000000083bc0000, 0x0000000084330000)
  to   space 7616K,   0% used [0x0000000084330000, 0x0000000084330000, 0x0000000084aa0000)
 concurrent mark-sweep generation total 152704K, used 80328K [0x0000000094cc0000, 0x000000009e1e0000, 0x0000000100000000)
 Metaspace       used 33376K, capacity 33781K, committed 34252K, reserved 1081344K
  class space    used 3073K, capacity 3203K, committed 3276K, reserved 1048576K
GC Heap History (10 events):
Event: 49.212 GC heap before
{Heap before GC invocations=98 (full 4):
 par new generation   total 58496K, used 54714K [0x0000000080000000, 0x0000000083f70000, 0x0000000094cc0000)
  eden space 52032K,  97% used [0x0000000080000000, 0x00000000831b95d0, 0x00000000832d0000)
  from space 6464K,  58% used [0x0000000083920000, 0x0000000083cd52c0, 0x0000000083f70000)
  to   space 6464K,   0% used [0x00000000832d0000, 0x00000000832d0000, 0x0000000083920000)
 concurrent mark-sweep generation total 152704K, used 124984K [0x0000000094cc0000, 0x000000009e1e0000, 0x0000000100000000)
 Metaspace       used 32981K, capacity 33423K, committed 33740K, reserved 1079296K
  class space    used 3056K, capacity 3170K, committed 3276K, reserved 1048576K
Event: 49.214 GC heap after
Heap after GC invocations=99 (full 4):
 par new generation   total 58496K, used 3762K [0x0000000080000000, 0x0000000083f70000, 0x0000000094cc0000)
  eden space 52032K,   0% used [0x0000000080000000, 0x0000000080000000, 0x00000000832d0000)
  from space 6464K,  58% used [0x00000000832d0000, 0x000000008367cac0, 0x0000000083920000)
  to   space 6464K,   0% used [0x0000000083920000, 0x0000000083920000, 0x0000000083f70000)
 concurrent mark-sweep generation total 152704K, used 124984K [0x0000000094cc0000, 0x000000009e1e0000, 0x0000000100000000)
 Metaspace       used 32981K, capacity 33423K, committed 33740K, reserved 1079296K
  class space    used 3056K, capacity 3170K, committed 3276K, reserved 1048576K
}
Event: 50.296 GC heap before
{Heap before GC invocations=99 (full 4):
 par new generation   total 58496K, used 54899K [0x0000000080000000, 0x0000000083f70000, 0x0000000094cc0000)
  eden space 52032K,  98% used [0x0000000080000000, 0x00000000831f04a0, 0x00000000832d0000)
  from space 6464K,  58% used [0x00000000832d0000, 0x000000008367cac0, 0x0000000083920000)
  to   space 6464K,   0% used [0x0000000083920000, 0x0000000083920000, 0x0000000083f70000)
 concurrent mark-sweep generation total 152704K, used 124984K [0x0000000094cc0000, 0x000000009e1e0000, 0x0000000100000000)
 Metaspace       used 32981K, capacity 33423K, committed 33740K, reserved 1079296K
  class space    used 3056K, capacity 3170K, committed 3276K, reserved 1048576K
Event: 50.298 GC heap after
Heap after GC invocations=100 (full 4):
 par new generation   total 58496K, used 3772K [0x0000000080000000, 0x0000000083f70000, 0x0000000094cc0000)
  eden space 52032K,   0% used [0x0000000080000000, 0x0000000080000000, 0x00000000832d0000)
  from space 6464K,  58% used [0x0000000083920000, 0x0000000083ccf298, 0x0000000083f70000)
  to   space 6464K,   0% used [0x00000000832d0000, 0x00000000832d0000, 0x0000000083920000)
 concurrent mark-sweep generation total 152704K, used 124984K [0x0000000094cc0000, 0x000000009e1e0000, 0x0000000100000000)
 Metaspace       used 32981K, capacity 33423K, committed 33740K, reserved 1079296K
  class space    used 3056K, capacity 3170K, committed 3276K, reserved 1048576K
}
Event: 51.380 GC heap before
{Heap before GC invocations=100 (full 4):
 par new generation   total 58496K, used 54690K [0x0000000080000000, 0x0000000083f70000, 0x0000000094cc0000)
  eden space 52032K,  97% used [0x0000000080000000, 0x00000000831b9928, 0x00000000832d0000)
  from space 6464K,  58% used [0x0000000083920000, 0x0000000083ccf298, 0x0000000083f70000)
  to   space 6464K,   0% used [0x00000000832d0000, 0x00000000832d0000, 0x0000000083920000)
 concurrent mark-sweep generation total 152704K, used 124984K [0x0000000094cc0000, 0x000000009e1e0000, 0x0000000100000000)
 Metaspace       used 32981K, capacity 33423K, committed 33740K, reserved 1079296K
  class space    used 3056K, capacity 3170K, committed 3276K, reserved 1048576K
Event: 51.382 GC heap after
Heap after GC invocations=101 (full 4):
 par new generation   total 58496K, used 3763K [0x0000000080000000, 0x0000000083f70000, 0x0000000094cc0000)
  eden space 52032K,   0% used [0x0000000080000000, 0x0000000080000000, 0x00000000832d0000)
  from space 6464K,  58% used [0x00000000832d0000, 0x000000008367cc40, 0x0000000083920000)
  to   space 6464K,   0% used [0x0000000083920000, 0x0000000083920000, 0x0000000083f70000)
 concurrent mark-sweep generation total 152704K, used 124996K [0x0000000094cc0000, 0x000000009e1e0000, 0x0000000100000000)
 Metaspace       used 32981K, capacity 33423K, committed 33740K, reserved 1079296K
  class space    used 3056K, capacity 3170K, committed 3276K, reserved 1048576K
}
Event: 52.144 GC heap before
{Heap before GC invocations=101 (full 4):
 par new generation   total 58496K, used 54027K [0x0000000080000000, 0x0000000083f70000, 0x0000000094cc0000)
  eden space 52032K,  96% used [0x0000000080000000, 0x0000000083116028, 0x00000000832d0000)
  from space 6464K,  58% used [0x00000000832d0000, 0x000000008367cc40, 0x0000000083920000)
  to   space 6464K,   0% used [0x0000000083920000, 0x0000000083920000, 0x0000000083f70000)
 concurrent mark-sweep generation total 152704K, used 124996K [0x0000000094cc0000, 0x000000009e1e0000, 0x0000000100000000)
 Metaspace       used 33313K, capacity 33717K, committed 33996K, reserved 1079296K
  class space    used 3069K, capacity 3203K, committed 3276K, reserved 1048576K
Event: 52.148 GC heap after
Heap after GC invocations=102 (full 4):
 par new generation   total 58496K, used 6412K [0x0000000080000000, 0x0000000083f70000, 0x0000000094cc0000)
  eden space 52032K,   0% used [0x0000000080000000, 0x0000000080000000, 0x00000000832d0000)
  from space 6464K,  99% used [0x0000000083920000, 0x0000000083f63218, 0x0000000083f70000)
  to   space 6464K,   0% used [0x00000000832d0000, 0x00000000832d0000, 0x0000000083920000)
 concurrent mark-sweep generation total 152704K, used 124996K [0x0000000094cc0000, 0x000000009e1e0000, 0x0000000100000000)
 Metaspace       used 33313K, capacity 33717K, committed 33996K, reserved 1079296K
  class space    used 3069K, capacity 3203K, committed 3276K, reserved 1048576K
}
Event: 52.171 GC heap before
{Heap before GC invocations=102 (full 4):
 par new generation   total 58496K, used 12762K [0x0000000080000000, 0x0000000083f70000, 0x0000000094cc0000)
  eden space 52032K,  12% used [0x0000000080000000, 0x0000000080633980, 0x00000000832d0000)
  from space 6464K,  99% used [0x0000000083920000, 0x0000000083f63218, 0x0000000083f70000)
  to   space 6464K,   0% used [0x00000000832d0000, 0x00000000832d0000, 0x0000000083920000)
 concurrent mark-sweep generation total 152704K, used 124996K [0x0000000094cc0000, 0x000000009e1e0000, 0x0000000100000000)
 Metaspace       used 33341K, capacity 33781K, committed 34252K, reserved 1081344K
  class space    used 3071K, capacity 3203K, committed 3276K, reserved 1048576K
Event: 52.291 GC heap after
Heap after GC invocations=103 (full 5):
 par new generation   total 68800K, used 0K [0x0000000080000000, 0x0000000084aa0000, 0x0000000094cc0000)
  eden space 61184K,   0% used [0x0000000080000000, 0x0000000080000000, 0x0000000083bc0000)
  from space 7616K,   0% used [0x0000000083bc0000, 0x0000000083bc0000, 0x0000000084330000)
  to   space 7616K,   0% used [0x0000000084330000, 0x0000000084330000, 0x0000000084aa0000)
 concurrent mark-sweep generation total 152704K, used 80328K [0x0000000094cc0000, 0x000000009e1e0000, 0x0000000100000000)
 Metaspace       used 33341K, capacity 33781K, committed 34252K, reserved 1081344K
  class space    used 3071K, capacity 3203K, committed 3276K, reserved 1048576K
}

